0 info it worked if it ends with ok
1 verbose cli [ '/usr/local/bin/node', '/usr/local/bin/npm', 'run', 'serve' ]
2 info using npm@3.10.3
3 info using node@v6.3.1
4 verbose run-script [ 'preserve', 'serve', 'postserve' ]
5 info lifecycle movie-mystic-api@1.0.0~preserve: movie-mystic-api@1.0.0
6 silly lifecycle movie-mystic-api@1.0.0~preserve: no script for preserve, continuing
7 info lifecycle movie-mystic-api@1.0.0~serve: movie-mystic-api@1.0.0
8 verbose lifecycle movie-mystic-api@1.0.0~serve: unsafe-perm in lifecycle true
9 verbose lifecycle movie-mystic-api@1.0.0~serve: PATH: /usr/local/lib/node_modules/npm/bin/node-gyp-bin:/Users/cptlightning/dev/movie-mystic-api/node_modules/.bin:/usr/local/bin:/Users/cptlightning/Downloads/google-cloud-sdk/bin:/Library/Frameworks/Python.framework/Versions/2.7/bin:/Library/Frameworks/Python.framework/Versions/3.4/bin:/usr/local/bin:/usr/bin:/bin:/usr/sbin:/sbin:/opt/X11/bin:/usr/local/git/bin:/usr/local/go/bin:/Applications/DevDesktop/drush
10 verbose lifecycle movie-mystic-api@1.0.0~serve: CWD: /Users/cptlightning/dev/movie-mystic-api
11 silly lifecycle movie-mystic-api@1.0.0~serve: Args: [ '-c', 'node index.js' ]
12 silly lifecycle movie-mystic-api@1.0.0~serve: Returned: code: 1  signal: null
13 info lifecycle movie-mystic-api@1.0.0~serve: Failed to exec serve script
14 verbose stack Error: movie-mystic-api@1.0.0 serve: `node index.js`
14 verbose stack Exit status 1
14 verbose stack     at EventEmitter.<anonymous> (/usr/local/lib/node_modules/npm/lib/utils/lifecycle.js:242:16)
14 verbose stack     at emitTwo (events.js:106:13)
14 verbose stack     at EventEmitter.emit (events.js:191:7)
14 verbose stack     at ChildProcess.<anonymous> (/usr/local/lib/node_modules/npm/lib/utils/spawn.js:40:14)
14 verbose stack     at emitTwo (events.js:106:13)
14 verbose stack     at ChildProcess.emit (events.js:191:7)
14 verbose stack     at maybeClose (internal/child_process.js:852:16)
14 verbose stack     at Process.ChildProcess._handle.onexit (internal/child_process.js:215:5)
15 verbose pkgid movie-mystic-api@1.0.0
16 verbose cwd /Users/cptlightning/dev/movie-mystic-api
17 error Darwin 15.6.0
18 error argv "/usr/local/bin/node" "/usr/local/bin/npm" "run" "serve"
19 error node v6.3.1
20 error npm  v3.10.3
21 error code ELIFECYCLE
22 error movie-mystic-api@1.0.0 serve: `node index.js`
22 error Exit status 1
23 error Failed at the movie-mystic-api@1.0.0 serve script 'node index.js'.
23 error Make sure you have the latest version of node.js and npm installed.
23 error If you do, this is most likely a problem with the movie-mystic-api package,
23 error not with npm itself.
23 error Tell the author that this fails on your system:
23 error     node index.js
23 error You can get information on how to open an issue for this project with:
23 error     npm bugs movie-mystic-api
23 error Or if that isn't available, you can get their info via:
23 error     npm owner ls movie-mystic-api
23 error There is likely additional logging output above.
24 verbose exit [ 1, true ]
